<?xml version="1.0" encoding="UTF-8"?>
<coverage generated="1597675798886" clover="3.2.0">
  <project timestamp="1597675798887" name="All files">
    <metrics statements="51" coveredstatements="51" conditionals="36" coveredconditionals="35" methods="2" coveredmethods="2" elements="89" coveredelements="88" complexity="0" loc="51" ncloc="51" packages="1" files="1" classes="1"/>
    <file name="spiralNumbers.js" path="D:\git\daily-coding\100-js-algo\spiralNumbers.js">
      <metrics statements="51" coveredstatements="51" conditionals="36" coveredconditionals="35" methods="2" coveredmethods="2"/>
      <line num="3" count="1" type="stmt"/>
      <line num="14" count="3" type="stmt"/>
      <line num="15" count="3" type="stmt"/>
      <line num="16" count="3" type="stmt"/>
      <line num="17" count="3" type="stmt"/>
      <line num="18" count="3" type="stmt"/>
      <line num="19" count="3" type="stmt"/>
      <line num="20" count="53" type="stmt"/>
      <line num="21" count="53" type="stmt"/>
      <line num="25" count="53" type="cond" truecount="2" falsecount="0"/>
      <line num="27" count="51" type="cond" truecount="2" falsecount="0"/>
      <line num="28" count="17" type="stmt"/>
      <line num="29" count="34" type="cond" truecount="2" falsecount="0"/>
      <line num="30" count="13" type="stmt"/>
      <line num="31" count="13" type="cond" truecount="4" falsecount="0"/>
      <line num="32" count="5" type="stmt"/>
      <line num="34" count="21" type="cond" truecount="2" falsecount="0"/>
      <line num="35" count="12" type="stmt"/>
      <line num="37" count="9" type="stmt"/>
      <line num="39" count="51" type="cond" truecount="2" falsecount="0"/>
      <line num="40" count="2" type="stmt"/>
      <line num="41" count="2" type="stmt"/>
      <line num="42" count="2" type="stmt"/>
      <line num="43" count="2" type="cond" truecount="1" falsecount="1"/>
      <line num="44" count="2" type="stmt"/>
      <line num="47" count="51" type="cond" truecount="2" falsecount="0"/>
      <line num="48" count="1" type="stmt"/>
      <line num="49" count="1" type="stmt"/>
      <line num="50" count="1" type="stmt"/>
      <line num="52" count="51" type="cond" truecount="2" falsecount="0"/>
      <line num="53" count="2" type="stmt"/>
      <line num="54" count="2" type="stmt"/>
      <line num="55" count="2" type="stmt"/>
      <line num="57" count="51" type="cond" truecount="4" falsecount="0"/>
      <line num="58" count="3" type="stmt"/>
      <line num="59" count="3" type="stmt"/>
      <line num="60" count="3" type="stmt"/>
      <line num="62" count="51" type="cond" truecount="4" falsecount="0"/>
      <line num="63" count="2" type="stmt"/>
      <line num="64" count="2" type="stmt"/>
      <line num="65" count="2" type="stmt"/>
      <line num="67" count="51" type="cond" truecount="4" falsecount="0"/>
      <line num="68" count="2" type="stmt"/>
      <line num="69" count="2" type="stmt"/>
      <line num="70" count="2" type="stmt"/>
      <line num="72" count="51" type="cond" truecount="4" falsecount="0"/>
      <line num="73" count="2" type="stmt"/>
      <line num="74" count="2" type="stmt"/>
      <line num="75" count="2" type="stmt"/>
      <line num="80" count="3" type="stmt"/>
      <line num="83" count="1" type="stmt"/>
    </file>
  </project>
</coverage>
