{"D:\\git\\daily-coding\\100-js-algo\\spiralNumbers.js": {"path":"D:\\git\\daily-coding\\100-js-algo\\spiralNumbers.js","statementMap":{"0":{"start":{"line":3,"column":19},"end":{"line":8,"column":1}},"1":{"start":{"line":14,"column":24},"end":{"line":14,"column":28}},"2":{"start":{"line":15,"column":16},"end":{"line":15,"column":17}},"3":{"start":{"line":16,"column":14},"end":{"line":16,"column":15}},"4":{"start":{"line":17,"column":17},"end":{"line":17,"column":18}},"5":{"start":{"line":18,"column":20},"end":{"line":18,"column":36}},"6":{"start":{"line":19,"column":4},"end":{"line":22,"column":5}},"7":{"start":{"line":20,"column":8},"end":{"line":20,"column":43}},"8":{"start":{"line":21,"column":8},"end":{"line":21,"column":19}},"9":{"start":{"line":25,"column":8},"end":{"line":77,"column":9}},"10":{"start":{"line":27,"column":12},"end":{"line":38,"column":13}},"11":{"start":{"line":28,"column":16},"end":{"line":28,"column":25}},"12":{"start":{"line":29,"column":19},"end":{"line":38,"column":13}},"13":{"start":{"line":30,"column":16},"end":{"line":30,"column":22}},"14":{"start":{"line":31,"column":16},"end":{"line":33,"column":17}},"15":{"start":{"line":32,"column":20},"end":{"line":32,"column":42}},"16":{"start":{"line":34,"column":19},"end":{"line":38,"column":13}},"17":{"start":{"line":35,"column":16},"end":{"line":35,"column":25}},"18":{"start":{"line":37,"column":16},"end":{"line":37,"column":22}},"19":{"start":{"line":39,"column":12},"end":{"line":46,"column":13}},"20":{"start":{"line":40,"column":16},"end":{"line":40,"column":25}},"21":{"start":{"line":41,"column":16},"end":{"line":41,"column":22}},"22":{"start":{"line":42,"column":16},"end":{"line":42,"column":44}},"23":{"start":{"line":43,"column":16},"end":{"line":45,"column":17}},"24":{"start":{"line":44,"column":20},"end":{"line":44,"column":42}},"25":{"start":{"line":47,"column":12},"end":{"line":51,"column":13}},"26":{"start":{"line":48,"column":16},"end":{"line":48,"column":42}},"27":{"start":{"line":49,"column":16},"end":{"line":49,"column":25}},"28":{"start":{"line":50,"column":16},"end":{"line":50,"column":22}},"29":{"start":{"line":52,"column":12},"end":{"line":56,"column":13}},"30":{"start":{"line":53,"column":16},"end":{"line":53,"column":44}},"31":{"start":{"line":54,"column":16},"end":{"line":54,"column":25}},"32":{"start":{"line":55,"column":16},"end":{"line":55,"column":22}},"33":{"start":{"line":57,"column":12},"end":{"line":61,"column":13}},"34":{"start":{"line":58,"column":16},"end":{"line":58,"column":45}},"35":{"start":{"line":59,"column":16},"end":{"line":59,"column":22}},"36":{"start":{"line":60,"column":16},"end":{"line":60,"column":25}},"37":{"start":{"line":62,"column":12},"end":{"line":66,"column":13}},"38":{"start":{"line":63,"column":16},"end":{"line":63,"column":44}},"39":{"start":{"line":64,"column":16},"end":{"line":64,"column":22}},"40":{"start":{"line":65,"column":16},"end":{"line":65,"column":25}},"41":{"start":{"line":67,"column":12},"end":{"line":71,"column":13}},"42":{"start":{"line":68,"column":16},"end":{"line":68,"column":44}},"43":{"start":{"line":69,"column":16},"end":{"line":69,"column":25}},"44":{"start":{"line":70,"column":16},"end":{"line":70,"column":22}},"45":{"start":{"line":72,"column":12},"end":{"line":76,"column":13}},"46":{"start":{"line":73,"column":16},"end":{"line":73,"column":42}},"47":{"start":{"line":74,"column":16},"end":{"line":74,"column":25}},"48":{"start":{"line":75,"column":16},"end":{"line":75,"column":22}},"49":{"start":{"line":80,"column":4},"end":{"line":80,"column":23}},"50":{"start":{"line":83,"column":0},"end":{"line":83,"column":31}}},"fnMap":{"0":{"name":"spiralNumbers","decl":{"start":{"line":13,"column":9},"end":{"line":13,"column":22}},"loc":{"start":{"line":13,"column":28},"end":{"line":81,"column":1}},"line":13},"1":{"name":"nextStep","decl":{"start":{"line":24,"column":13},"end":{"line":24,"column":21}},"loc":{"start":{"line":24,"column":24},"end":{"line":78,"column":5}},"line":24}},"branchMap":{"0":{"loc":{"start":{"line":25,"column":8},"end":{"line":77,"column":9}},"type":"if","locations":[{"start":{"line":25,"column":8},"end":{"line":77,"column":9}},{"start":{"line":25,"column":8},"end":{"line":77,"column":9}}],"line":25},"1":{"loc":{"start":{"line":27,"column":12},"end":{"line":38,"column":13}},"type":"if","locations":[{"start":{"line":27,"column":12},"end":{"line":38,"column":13}},{"start":{"line":27,"column":12},"end":{"line":38,"column":13}}],"line":27},"2":{"loc":{"start":{"line":29,"column":19},"end":{"line":38,"column":13}},"type":"if","locations":[{"start":{"line":29,"column":19},"end":{"line":38,"column":13}},{"start":{"line":29,"column":19},"end":{"line":38,"column":13}}],"line":29},"3":{"loc":{"start":{"line":31,"column":16},"end":{"line":33,"column":17}},"type":"if","locations":[{"start":{"line":31,"column":16},"end":{"line":33,"column":17}},{"start":{"line":31,"column":16},"end":{"line":33,"column":17}}],"line":31},"4":{"loc":{"start":{"line":31,"column":20},"end":{"line":31,"column":63}},"type":"binary-expr","locations":[{"start":{"line":31,"column":20},"end":{"line":31,"column":50}},{"start":{"line":31,"column":54},"end":{"line":31,"column":63}}],"line":31},"5":{"loc":{"start":{"line":34,"column":19},"end":{"line":38,"column":13}},"type":"if","locations":[{"start":{"line":34,"column":19},"end":{"line":38,"column":13}},{"start":{"line":34,"column":19},"end":{"line":38,"column":13}}],"line":34},"6":{"loc":{"start":{"line":39,"column":12},"end":{"line":46,"column":13}},"type":"if","locations":[{"start":{"line":39,"column":12},"end":{"line":46,"column":13}},{"start":{"line":39,"column":12},"end":{"line":46,"column":13}}],"line":39},"7":{"loc":{"start":{"line":43,"column":16},"end":{"line":45,"column":17}},"type":"if","locations":[{"start":{"line":43,"column":16},"end":{"line":45,"column":17}},{"start":{"line":43,"column":16},"end":{"line":45,"column":17}}],"line":43},"8":{"loc":{"start":{"line":47,"column":12},"end":{"line":51,"column":13}},"type":"if","locations":[{"start":{"line":47,"column":12},"end":{"line":51,"column":13}},{"start":{"line":47,"column":12},"end":{"line":51,"column":13}}],"line":47},"9":{"loc":{"start":{"line":52,"column":12},"end":{"line":56,"column":13}},"type":"if","locations":[{"start":{"line":52,"column":12},"end":{"line":56,"column":13}},{"start":{"line":52,"column":12},"end":{"line":56,"column":13}}],"line":52},"10":{"loc":{"start":{"line":57,"column":12},"end":{"line":61,"column":13}},"type":"if","locations":[{"start":{"line":57,"column":12},"end":{"line":61,"column":13}},{"start":{"line":57,"column":12},"end":{"line":61,"column":13}}],"line":57},"11":{"loc":{"start":{"line":57,"column":16},"end":{"line":57,"column":85}},"type":"binary-expr","locations":[{"start":{"line":57,"column":16},"end":{"line":57,"column":54}},{"start":{"line":57,"column":58},"end":{"line":57,"column":85}}],"line":57},"12":{"loc":{"start":{"line":62,"column":12},"end":{"line":66,"column":13}},"type":"if","locations":[{"start":{"line":62,"column":12},"end":{"line":66,"column":13}},{"start":{"line":62,"column":12},"end":{"line":66,"column":13}}],"line":62},"13":{"loc":{"start":{"line":62,"column":16},"end":{"line":62,"column":88}},"type":"binary-expr","locations":[{"start":{"line":62,"column":16},"end":{"line":62,"column":54}},{"start":{"line":62,"column":58},"end":{"line":62,"column":88}}],"line":62},"14":{"loc":{"start":{"line":67,"column":12},"end":{"line":71,"column":13}},"type":"if","locations":[{"start":{"line":67,"column":12},"end":{"line":71,"column":13}},{"start":{"line":67,"column":12},"end":{"line":71,"column":13}}],"line":67},"15":{"loc":{"start":{"line":67,"column":16},"end":{"line":67,"column":87}},"type":"binary-expr","locations":[{"start":{"line":67,"column":16},"end":{"line":67,"column":54}},{"start":{"line":67,"column":58},"end":{"line":67,"column":87}}],"line":67},"16":{"loc":{"start":{"line":72,"column":12},"end":{"line":76,"column":13}},"type":"if","locations":[{"start":{"line":72,"column":12},"end":{"line":76,"column":13}},{"start":{"line":72,"column":12},"end":{"line":76,"column":13}}],"line":72},"17":{"loc":{"start":{"line":72,"column":16},"end":{"line":72,"column":87}},"type":"binary-expr","locations":[{"start":{"line":72,"column":16},"end":{"line":72,"column":54}},{"start":{"line":72,"column":58},"end":{"line":72,"column":87}}],"line":72}},"s":{"0":1,"1":3,"2":3,"3":3,"4":3,"5":3,"6":3,"7":53,"8":53,"9":53,"10":51,"11":17,"12":34,"13":13,"14":13,"15":5,"16":21,"17":12,"18":9,"19":51,"20":2,"21":2,"22":2,"23":2,"24":2,"25":51,"26":1,"27":1,"28":1,"29":51,"30":2,"31":2,"32":2,"33":51,"34":3,"35":3,"36":3,"37":51,"38":2,"39":2,"40":2,"41":51,"42":2,"43":2,"44":2,"45":51,"46":2,"47":2,"48":2,"49":3,"50":1},"f":{"0":3,"1":53},"b":{"0":[51,2],"1":[17,34],"2":[13,21],"3":[5,8],"4":[13,7],"5":[12,9],"6":[2,49],"7":[2,0],"8":[1,50],"9":[2,49],"10":[3,48],"11":[51,9],"12":[2,49],"13":[51,6],"14":[2,49],"15":[51,4],"16":[2,49],"17":[51,2]},"_coverageSchema":"1a1c01bbd47fc00a2c39e90264f33305004495a9","hash":"59457a7d896b4b8ba035e183ba40b4d8828102e9"}
}
