TN:
SF:absoluteValuesSumMinization.js
FN:1,summation
FN:3,(anonymous_1)
FN:10,absoluteValuesSumMinization
FN:14,(anonymous_3)
FN:27,median
FN:28,(anonymous_5)
FNF:6
FNH:6
FNDA:9,summation
FNDA:32,(anonymous_1)
FNDA:2,absoluteValuesSumMinization
FNDA:7,(anonymous_3)
FNDA:2,median
FNDA:5,(anonymous_5)
DA:2,9
DA:3,9
DA:4,32
DA:7,9
DA:11,2
DA:12,2
DA:13,2
DA:14,2
DA:15,7
DA:16,7
DA:17,1
DA:18,1
DA:20,7
DA:22,2
DA:24,2
DA:28,2
DA:29,5
DA:31,2
DA:33,2
DA:38,1
LF:20
LH:20
BRDA:16,0,0,1
BRDA:16,0,1,6
BRDA:33,1,0,1
BRDA:33,1,1,1
BRF:4
BRH:4
end_of_record
TN:
SF:add.js
FN:1,add
FN:12,addWithSpreadOperator
FN:14,(anonymous_2)
FNF:3
FNH:3
FNDA:4,add
FNDA:4,addWithSpreadOperator
FNDA:8,(anonymous_2)
DA:2,4
DA:3,4
DA:4,4
DA:5,8
DA:9,4
DA:13,4
DA:14,4
DA:15,8
DA:18,4
DA:21,1
LF:10
LH:10
BRF:0
BRH:0
end_of_record
TN:
SF:addBorder.js
FN:1,addBorder
FN:7,(anonymous_1)
FNF:2
FNH:2
FNDA:4,addBorder
FNDA:4,(anonymous_1)
DA:2,4
DA:4,4
DA:5,4
DA:7,4
DA:8,4
DA:11,4
DA:13,4
DA:16,1
LF:8
LH:8
BRDA:2,0,0,3
BRDA:2,0,1,1
BRF:2
BRH:2
end_of_record
TN:
SF:addTwoDigits.js
FN:1,addTwoDigits
FN:3,(anonymous_1)
FNF:2
FNH:2
FNDA:5,addTwoDigits
FNDA:8,(anonymous_1)
DA:2,5
DA:4,8
DA:8,1
LF:3
LH:3
BRDA:1,0,0,1
BRF:1
BRH:1
end_of_record
TN:
SF:addWithoutCarry.js
FN:1,addWithoutCarry
FNF:1
FNH:1
FNDA:3,addWithoutCarry
DA:2,3
DA:3,3
DA:4,3
DA:5,3
DA:6,10
DA:7,10
DA:8,10
DA:9,10
DA:10,10
DA:13,3
DA:16,1
LF:11
LH:11
BRDA:5,0,0,13
BRDA:5,0,1,5
BRF:2
BRH:2
end_of_record
TN:
SF:adjacentProduct.js
FN:6,getInitalValue
FN:18,matrixReduction
FN:32,adjacentProduct
FNF:3
FNH:3
FNDA:8,getInitalValue
FNDA:24,matrixReduction
FNDA:8,adjacentProduct
DA:7,8
DA:19,24
DA:20,17
DA:21,17
DA:22,5
DA:26,19
DA:33,8
DA:35,8
DA:38,1
LF:9
LH:9
BRDA:7,0,0,6
BRDA:7,0,1,2
BRDA:8,1,0,1
BRDA:8,1,1,1
BRDA:19,2,0,17
BRDA:19,2,1,7
BRDA:21,3,0,5
BRDA:21,3,1,12
BRF:8
BRH:8
end_of_record
TN:
SF:allLongestString.js
FN:7,extractLongestString
FN:23,longestString
FN:28,(anonymous_2)
FNF:3
FNH:3
FNDA:21,extractLongestString
FNDA:7,longestString
FNDA:21,(anonymous_2)
DA:8,21
DA:10,21
DA:11,5
DA:12,21
DA:13,14
DA:16,21
DA:24,7
DA:28,7
DA:29,21
DA:32,7
DA:35,1
LF:11
LH:11
BRDA:8,0,0,15
BRDA:8,0,1,6
BRDA:10,1,0,5
BRDA:10,1,1,16
BRDA:12,2,0,14
BRDA:12,2,1,7
BRF:6
BRH:6
end_of_record
TN:
SF:almostIncreasingSequence.js
FN:3,increasingSequence
FN:17,checkIncreasingSequence
FNF:2
FNH:2
FNDA:5,increasingSequence
FNDA:28,checkIncreasingSequence
DA:1,1
DA:4,5
DA:5,5
DA:6,22
DA:7,22
DA:9,22
DA:12,5
DA:14,5
DA:18,28
DA:19,28
DA:21,28
DA:22,69
DA:23,48
DA:25,69
DA:28,28
DA:31,1
LF:16
LH:16
BRDA:22,0,0,48
BRDA:22,0,1,21
BRF:2
BRH:2
end_of_record
TN:
SF:alphabeticShift.js
FN:5,alphabeticShift
FNF:1
FNH:1
FNDA:6,alphabeticShift
DA:6,6
DA:7,1
DA:10,5
DA:11,5
DA:12,5
DA:14,5
DA:15,16
DA:16,16
DA:17,2
DA:19,14
DA:22,3
DA:25,1
LF:12
LH:12
BRDA:6,0,0,1
BRDA:6,0,1,5
BRDA:16,1,0,2
BRDA:16,1,1,14
BRF:4
BRH:4
end_of_record
TN:
SF:alternatingSums.js
FN:1,alternatingSums
FN:3,(anonymous_1)
FNF:2
FNH:2
FNDA:8,alternatingSums
FNDA:30,(anonymous_1)
DA:2,8
DA:3,8
DA:4,30
DA:5,18
DA:7,12
DA:11,8
DA:14,1
LF:7
LH:7
BRDA:4,0,0,18
BRDA:4,0,1,12
BRF:2
BRH:2
end_of_record
TN:
SF:angleType.js
FN:1,angleType
FNF:1
FNH:1
FNDA:6,angleType
DA:2,6
DA:3,1
DA:5,5
DA:6,1
DA:8,4
DA:9,1
DA:11,3
DA:12,1
DA:14,2
DA:15,1
DA:18,1
DA:21,1
LF:12
LH:12
BRDA:2,0,0,1
BRDA:2,0,1,5
BRDA:5,1,0,1
BRDA:5,1,1,4
BRDA:8,2,0,1
BRDA:8,2,1,3
BRDA:11,3,0,1
BRDA:11,3,1,2
BRDA:14,4,0,1
BRDA:14,4,1,1
BRDA:14,5,0,2
BRDA:14,5,1,2
BRF:12
BRH:12
end_of_record
TN:
SF:applesDistribution.js
FN:2,applesDistribution
FNF:1
FNH:1
FNDA:2,applesDistribution
DA:3,2
DA:4,2
DA:5,1
DA:6,1
DA:9,2
DA:12,1
LF:6
LH:6
BRF:0
BRH:0
end_of_record
TN:
SF:applesInbox.js
FN:5,getFruitCount
FN:18,applesInbox
FNF:2
FNH:2
FNDA:3,getFruitCount
FNDA:3,applesInbox
DA:6,3
DA:7,1
DA:8,2
DA:9,1
DA:12,1
DA:20,3
DA:22,3
DA:23,3
DA:24,18
DA:25,10
DA:27,8
DA:30,3
DA:32,3
DA:35,1
LF:14
LH:14
BRDA:6,0,0,1
BRDA:6,0,1,2
BRDA:8,1,0,1
BRDA:8,1,1,1
BRDA:24,2,0,10
BRDA:24,2,1,8
BRF:6
BRH:6
end_of_record
TN:
SF:areEquallyStrong.js
FN:1,areEquallyStrong
FNF:1
FNH:1
FNDA:3,areEquallyStrong
DA:2,3
DA:3,3
DA:5,3
DA:8,1
LF:4
LH:4
BRF:0
BRH:0
end_of_record
TN:
SF:areSimilar.js
FN:1,areSimilar
FN:5,(anonymous_1)
FN:8,(anonymous_2)
FNF:3
FNH:3
FNDA:6,areSimilar
FNDA:6,(anonymous_1)
FNDA:9,(anonymous_2)
DA:2,6
DA:3,2
DA:5,4
DA:6,6
DA:8,4
DA:9,9
DA:11,4
DA:12,6
DA:13,1
DA:17,3
DA:20,1
LF:11
LH:11
BRDA:2,0,0,2
BRDA:2,0,1,4
BRDA:12,1,0,1
BRDA:12,1,1,5
BRF:4
BRH:4
end_of_record
TN:
SF:arithmeticExpression.js
FN:2,arithmeticExpression
FNF:1
FNH:1
FNDA:6,arithmeticExpression
DA:3,6
DA:4,6
DA:5,1
DA:7,5
DA:8,2
DA:10,3
DA:11,1
DA:13,2
DA:14,1
DA:17,1
DA:20,1
LF:11
LH:11
BRDA:4,0,0,1
BRDA:4,0,1,5
BRDA:7,1,0,2
BRDA:7,1,1,3
BRDA:7,2,0,5
BRDA:7,2,1,4
BRDA:10,3,0,1
BRDA:10,3,1,2
BRDA:13,4,0,1
BRDA:13,4,1,1
BRDA:13,5,0,2
BRDA:13,5,1,1
BRF:12
BRH:12
end_of_record
TN:
SF:arrayChange.js
FN:1,arrayChange
FNF:1
FNH:1
FNDA:5,arrayChange
DA:2,5
DA:3,5
DA:4,37
DA:5,12
DA:7,25
DA:8,25
DA:12,5
DA:15,1
LF:8
LH:8
BRDA:4,0,0,12
BRDA:4,0,1,25
BRF:2
BRH:2
end_of_record
TN:
SF:arrayConversion.js
FN:1,arrayConversion
FN:24,addElements
FN:34,productElements
FNF:3
FNH:3
FNDA:4,arrayConversion
FNDA:3,addElements
FNDA:1,productElements
DA:2,4
DA:3,1
DA:5,3
DA:6,3
DA:7,1
DA:9,2
DA:10,2
DA:11,2
DA:12,4
DA:13,3
DA:14,3
DA:16,1
DA:17,1
DA:21,2
DA:25,3
DA:26,3
DA:27,6
DA:28,6
DA:31,3
DA:35,1
DA:36,1
DA:37,2
DA:38,2
DA:41,1
DA:44,1
LF:25
LH:25
BRDA:2,0,0,1
BRDA:2,0,1,3
BRDA:5,1,0,2
BRDA:5,1,1,1
BRDA:6,2,0,1
BRDA:6,2,1,2
BRDA:12,3,0,3
BRDA:12,3,1,1
BRF:8
BRH:8
end_of_record
TN:
SF:arrayMaxConsecutiveSum.js
FN:1,arrayMaxConsecutiveSum
FNF:1
FNH:1
FNDA:6,arrayMaxConsecutiveSum
DA:2,6
DA:3,2
DA:5,4
DA:6,1
DA:8,3
DA:9,1
DA:12,2
DA:14,2
DA:15,10
DA:16,10
DA:17,15
DA:19,10
DA:20,6
DA:24,2
DA:27,1
LF:15
LH:15
BRDA:2,0,0,2
BRDA:2,0,1,4
BRDA:5,1,0,1
BRDA:5,1,1,3
BRDA:8,2,0,1
BRDA:8,2,1,2
BRDA:19,3,0,6
BRDA:19,3,1,4
BRF:8
BRH:8
end_of_record
TN:
SF:arrayMaximalAdjacentDifference.js
FN:1,arrayMaximalAdjacentDifference
FNF:1
FNH:1
FNDA:8,arrayMaximalAdjacentDifference
DA:2,8
DA:3,8
DA:4,15
DA:5,15
DA:8,8
DA:11,1
LF:6
LH:6
BRDA:5,0,0,9
BRDA:5,0,1,6
BRF:2
BRH:2
end_of_record
TN:
SF:arrayReplace.js
FN:2,arrayReplace
FNF:1
FNH:1
FNDA:5,arrayReplace
DA:3,5
DA:4,5
DA:5,3
DA:6,3
DA:7,3
DA:11,5
DA:14,1
LF:7
LH:7
BRDA:4,0,0,3
BRDA:4,0,1,2
BRF:2
BRH:2
end_of_record
TN:
SF:avoidObstacles.js
FN:1,avoidObstacles
FN:5,(anonymous_1)
FN:12,(anonymous_2)
FNF:3
FNH:3
FNDA:6,avoidObstacles
FNDA:25,(anonymous_1)
FNDA:28,(anonymous_2)
DA:2,6
DA:3,1
DA:5,25
DA:7,5
DA:8,1
DA:11,4
DA:12,28
DA:13,3
DA:18,1
DA:21,1
LF:10
LH:10
BRDA:2,0,0,1
BRDA:2,0,1,5
BRDA:7,1,0,1
BRDA:7,1,1,4
BRDA:12,2,0,3
BRDA:12,2,1,9
BRF:6
BRH:6
end_of_record
TN:
SF:bishopAndPawn.js
FN:3,bishopAndPawn
FNF:1
FNH:1
FNDA:7,bishopAndPawn
DA:1,1
DA:4,7
DA:5,7
DA:7,7
DA:9,5
DA:10,4
DA:11,3
DA:12,2
DA:13,1
DA:19,4
DA:22,2
DA:25,1
LF:12
LH:12
BRDA:7,0,0,5
BRDA:7,0,1,2
BRDA:7,1,0,7
BRDA:7,1,1,6
BRDA:9,2,0,4
BRDA:9,2,1,1
BRDA:10,3,0,3
BRDA:10,3,1,1
BRDA:11,4,0,2
BRDA:11,4,1,1
BRDA:12,5,0,1
BRDA:12,5,1,1
BRF:12
BRH:12
end_of_record
TN:
SF:boxBlur.js
FN:1,boxBlur
FN:3,(anonymous_1)
FN:4,(anonymous_2)
FNF:3
FNH:3
FNDA:1,boxBlur
FNDA:3,(anonymous_1)
FNDA:9,(anonymous_2)
DA:2,1
DA:3,1
DA:4,3
DA:5,9
DA:8,1
DA:9,1
DA:11,1
DA:14,1
LF:8
LH:8
BRF:0
BRH:0
end_of_record
TN:
SF:buildPalindrom.js
FN:1,buildPalindrom
FNF:1
FNH:1
FNDA:8,buildPalindrom
DA:2,8
DA:3,8
DA:4,2
DA:5,2
DA:7,8
DA:9,8
DA:10,8
DA:11,27
DA:12,20
DA:14,7
DA:17,8
DA:18,8
DA:19,8
DA:20,7
DA:23,8
DA:24,2
DA:27,8
DA:30,1
LF:18
LH:18
BRDA:3,0,0,2
BRDA:3,0,1,6
BRDA:11,1,0,20
BRDA:11,1,1,7
BRDA:23,2,0,2
BRDA:23,2,1,6
BRF:6
BRH:6
end_of_record
TN:
SF:candies.js
FN:3,candies
FNF:1
FNH:1
FNDA:4,candies
DA:1,1
DA:4,4
DA:5,2
DA:8,2
DA:11,1
LF:5
LH:5
BRDA:4,0,0,2
BRDA:4,0,1,2
BRDA:4,1,0,4
BRDA:4,1,1,3
BRF:4
BRH:4
end_of_record
TN:
SF:centuryFromYear.js
FN:2,centuryFromYear
FNF:1
FNH:1
FNDA:5,centuryFromYear
DA:1,1
DA:3,5
DA:4,1
DA:6,4
DA:7,4
DA:8,1
DA:11,3
DA:14,1
LF:8
LH:8
BRDA:3,0,0,1
BRDA:3,0,1,4
BRDA:7,1,0,1
BRDA:7,1,1,3
BRF:4
BRH:4
end_of_record
TN:
SF:checkPalindrome.js
FN:3,checkPalindrome
FNF:1
FNH:1
FNDA:3,checkPalindrome
DA:1,1
DA:4,3
DA:6,3
DA:9,1
LF:4
LH:4
BRF:0
BRH:0
end_of_record
TN:
SF:chessBoardCellColor.js
FN:3,chessBoardCellColor
FNF:1
FNH:1
FNDA:5,chessBoardCellColor
DA:1,1
DA:4,5
DA:5,5
DA:7,5
DA:8,5
DA:9,5
DA:11,4
DA:13,1
DA:17,1
LF:9
LH:9
BRF:0
BRH:0
end_of_record
TN:
SF:chessKnight.js
FN:1,chessKnight
FN:8,(anonymous_1)
FNF:2
FNH:2
FNDA:6,chessKnight
FNDA:48,(anonymous_1)
DA:2,6
DA:3,6
DA:5,6
DA:6,6
DA:8,6
DA:9,48
DA:10,48
DA:11,22
DA:15,6
DA:18,1
LF:10
LH:10
BRDA:10,0,0,22
BRDA:10,0,1,26
BRF:2
BRH:2
end_of_record
TN:
SF:chunkyMonkey.js
FN:5,chunkyMonkey
FNF:1
FNH:1
FNDA:6,chunkyMonkey
DA:6,6
DA:7,2
DA:9,4
DA:11,4
DA:12,4
DA:13,4
DA:16,4
DA:19,1
LF:8
LH:8
BRDA:6,0,0,2
BRDA:6,0,1,4
BRF:2
BRH:2
end_of_record
TN:
SF:circleOfNumbers.js
FN:1,circleOfNumbers
FNF:1
FNH:1
FNDA:3,circleOfNumbers
DA:2,3
DA:3,1
DA:5,2
DA:6,1
DA:8,1
DA:9,1
DA:11,1
DA:14,1
LF:8
LH:8
BRDA:2,0,0,1
BRDA:2,0,1,2
BRDA:5,1,0,1
BRDA:5,1,1,1
BRF:4
BRH:4
end_of_record
TN:
SF:clockAngle.js
FN:1,convertTime
FN:16,convertTo12Hrs
FNF:2
FNH:2
FNDA:14,convertTime
FNDA:13,convertTo12Hrs
DA:2,14
DA:3,14
DA:4,14
DA:5,13
DA:6,13
DA:7,13
DA:8,13
DA:9,13
DA:11,13
DA:13,1
DA:17,13
DA:18,6
DA:21,13
DA:24,1
LF:14
LH:14
BRDA:4,0,0,13
BRDA:4,0,1,1
BRDA:17,1,0,6
BRDA:17,1,1,7
BRF:4
BRH:4
end_of_record
TN:
SF:closestDuplicate.js
FN:6,closestDuplicate
FNF:1
FNH:1
FNDA:2,closestDuplicate
DA:7,2
DA:9,2
DA:10,11
DA:11,25
DA:12,2
DA:13,2
DA:18,2
DA:21,1
LF:8
LH:8
BRDA:11,0,0,2
BRDA:11,0,1,23
BRDA:11,1,0,25
BRDA:11,1,1,2
BRF:4
BRH:4
end_of_record
TN:
SF:depositeProfite.js
FN:3,depositeProfit
FNF:1
FNH:1
FNDA:2,depositeProfit
DA:4,2
DA:5,2
DA:6,1
DA:7,1
DA:10,2
DA:13,1
LF:6
LH:6
BRF:0
BRH:0
end_of_record
TN:
SF:differentCharacters.js
FN:3,differentCharacters
FNF:1
FNH:1
FNDA:4,differentCharacters
DA:1,1
DA:4,4
DA:7,1
LF:3
LH:3
BRF:0
BRH:0
end_of_record
TN:
SF:digitsProduct.js
FN:4,digitsProduct
FNF:1
FNH:1
FNDA:5,digitsProduct
DA:1,1
DA:2,1
DA:5,5
DA:6,4
DA:7,1
DA:9,3
DA:10,1
DA:12,3
DA:13,3
DA:14,4
DA:15,4
DA:16,3
DA:20,1
DA:23,1
LF:14
LH:14
BRDA:5,0,0,4
BRDA:5,0,1,1
BRDA:6,1,0,1
BRDA:6,1,1,3
BRDA:9,2,0,1
BRDA:9,2,1,2
BRDA:15,3,0,3
BRDA:15,3,1,1
BRF:8
BRH:8
end_of_record
TN:
SF:domainType.js
FN:6,domainType
FN:22,(anonymous_1)
FNF:2
FNH:2
FNDA:3,domainType
FNDA:5,(anonymous_1)
DA:7,3
DA:15,3
DA:17,3
DA:22,3
DA:23,5
DA:24,5
DA:25,5
DA:26,4
DA:27,3
DA:30,1
DA:34,3
DA:35,1
DA:38,2
DA:41,1
LF:14
LH:14
BRDA:25,0,0,4
BRDA:25,0,1,1
BRDA:26,1,0,3
BRDA:26,1,1,1
BRDA:34,2,0,1
BRDA:34,2,1,2
BRF:6
BRH:6
end_of_record
TN:
SF:encloseInBrackets.js
FN:1,encloseInBrackets
FNF:1
FNH:1
FNDA:5,encloseInBrackets
DA:2,5
DA:3,4
DA:4,1
DA:6,3
DA:7,1
DA:9,2
DA:10,1
DA:13,1
DA:15,1
DA:18,1
LF:10
LH:10
BRDA:2,0,0,4
BRDA:2,0,1,1
BRDA:3,1,0,1
BRDA:3,1,1,3
BRDA:3,2,0,4
BRDA:3,2,1,2
BRDA:6,3,0,1
BRDA:6,3,1,2
BRDA:6,4,0,3
BRDA:6,4,1,1
BRDA:9,5,0,1
BRDA:9,5,1,1
BRDA:9,6,0,2
BRDA:9,6,1,2
BRF:14
BRH:14
end_of_record
TN:
SF:evenDigitsOnly.js
FN:1,checkForValidInput
FN:5,evenDigitsOnly
FN:9,(anonymous_2)
FNF:3
FNH:3
FNDA:8,checkForValidInput
FNDA:8,evenDigitsOnly
FNDA:13,(anonymous_2)
DA:2,8
DA:6,8
DA:7,6
DA:9,13
DA:11,2
DA:14,1
LF:6
LH:6
BRDA:2,0,0,8
BRDA:2,0,1,3
BRDA:2,0,2,2
BRDA:6,1,0,6
BRDA:6,1,1,2
BRDA:9,2,0,1
BRDA:9,2,1,12
BRDA:9,3,0,13
BRDA:9,3,1,13
BRF:9
BRH:9
end_of_record
TN:
SF:extractMatrixColumn.js
FN:7,getextractColumnValue
FN:13,(anonymous_1)
FN:25,validateColumn
FN:33,validateInput
FN:41,extractMatrixColumn
FNF:5
FNH:5
FNDA:2,getextractColumnValue
FNDA:3,(anonymous_1)
FNDA:2,validateColumn
FNDA:3,validateInput
FNDA:3,extractMatrixColumn
DA:8,2
DA:9,2
DA:13,1
DA:14,3
DA:18,2
DA:26,2
DA:34,3
DA:42,3
DA:43,1
DA:46,2
DA:49,1
LF:11
LH:11
BRDA:9,0,0,1
BRDA:9,0,1,1
BRDA:26,1,0,2
BRDA:26,1,1,2
BRDA:34,2,0,3
BRDA:34,2,1,3
BRDA:42,3,0,1
BRDA:42,3,1,2
BRF:8
BRH:8
end_of_record
TN:
SF:extractNth.js
FN:7,validateInput
FN:15,extractNth
FN:17,(anonymous_2)
FNF:3
FNH:3
FNDA:3,validateInput
FNDA:3,extractNth
FNDA:10,(anonymous_2)
DA:8,3
DA:16,3
DA:17,10
DA:19,1
DA:22,1
LF:5
LH:5
BRDA:8,0,0,3
BRDA:8,0,1,3
BRDA:16,1,0,2
BRDA:16,1,1,1
BRF:4
BRH:4
end_of_record
TN:
SF:fancyRide.js
FN:5,drive
FN:18,fancyRide
FN:25,(anonymous_2)
FNF:3
FNH:3
FNDA:2,drive
FNDA:2,fancyRide
FNDA:10,(anonymous_2)
DA:6,2
DA:7,2
DA:8,1
DA:11,1
DA:19,2
DA:20,2
DA:25,2
DA:26,10
DA:27,2
DA:31,2
DA:34,1
LF:11
LH:11
BRDA:7,0,0,1
BRDA:7,0,1,1
BRDA:26,1,0,2
BRDA:26,1,1,8
BRF:4
BRH:4
end_of_record
TN:
SF:fareEstimator.js
FN:10,fareEstimator
FN:11,(anonymous_1)
FNF:2
FNH:2
FNDA:1,fareEstimator
FNDA:4,(anonymous_1)
DA:11,1
DA:12,4
DA:16,1
LF:3
LH:3
BRF:0
BRH:0
end_of_record
TN:
SF:fermatFactorization.js
FN:8,fermatFactorization
FNF:1
FNH:1
FNDA:2,fermatFactorization
DA:3,1
DA:9,2
DA:10,2
DA:11,2
DA:12,2
DA:13,2
DA:16,2
DA:19,1
LF:8
LH:8
BRF:0
BRH:0
end_of_record
TN:
SF:fileNaming.js
FN:8,incrementDuplicateFileCount
FN:26,updateDuplicateFile
FN:38,fileNaming
FN:41,(anonymous_3)
FNF:4
FNH:4
FNDA:3,incrementDuplicateFileCount
FNDA:6,updateDuplicateFile
FNDA:3,fileNaming
FNDA:9,(anonymous_3)
DA:9,3
DA:10,3
DA:11,4
DA:12,4
DA:13,4
DA:14,4
DA:15,4
DA:16,4
DA:19,3
DA:27,6
DA:28,6
DA:29,3
DA:32,6
DA:39,3
DA:40,2
DA:41,2
DA:42,9
DA:43,6
DA:45,9
DA:48,2
DA:50,1
DA:53,1
LF:22
LH:22
BRDA:28,0,0,3
BRDA:28,0,1,3
BRDA:39,1,0,2
BRDA:39,1,1,1
BRDA:42,2,0,6
BRDA:42,2,1,3
BRF:6
BRH:6
end_of_record
TN:
SF:findClosestPair.js
FN:7,findClosestPair
FNF:1
FNH:1
FNDA:2,findClosestPair
DA:8,2
DA:9,2
DA:10,9
DA:11,18
DA:12,2
DA:17,2
DA:20,1
LF:7
LH:7
BRDA:11,0,0,2
BRDA:11,0,1,16
BRF:2
BRH:2
end_of_record
TN:
SF:findEmailDomain.js
FN:5,findEmailDomain
FNF:1
FNH:1
FNDA:2,findEmailDomain
DA:6,2
DA:7,2
DA:8,1
DA:11,1
DA:14,1
LF:5
LH:5
BRDA:7,0,0,1
BRDA:7,0,1,1
BRF:2
BRH:2
end_of_record
TN:
SF:firstDigit.js
FN:1,firstDigit
FNF:1
FNH:1
FNDA:2,firstDigit
DA:2,2
DA:3,2
DA:4,2
DA:5,1
DA:8,1
DA:11,1
LF:6
LH:6
BRDA:4,0,0,1
BRDA:4,0,1,1
BRF:2
BRH:2
end_of_record
TN:
SF:firstNotRepeatingCharacter.js
FN:6,firstNotRepeatingCharacter
FNF:1
FNH:1
FNDA:2,firstNotRepeatingCharacter
DA:7,2
DA:8,18
DA:9,18
DA:10,1
DA:15,1
LF:5
LH:5
BRDA:9,0,0,1
BRDA:9,0,1,17
BRDA:9,1,0,18
BRDA:9,1,1,6
BRF:4
BRH:4
end_of_record
TN:
SF:flattenArray.js
FN:6,flattenArray
FN:16,getElements
FN:17,(anonymous_2)
FNF:3
FNH:3
FNDA:2,flattenArray
FNDA:7,getElements
FNDA:16,(anonymous_2)
DA:7,2
DA:9,2
DA:17,7
DA:18,16
DA:19,5
DA:21,11
DA:25,7
DA:28,1
LF:8
LH:8
BRDA:18,0,0,5
BRDA:18,0,1,11
BRF:2
BRH:2
end_of_record
TN:
SF:temperature-conversions\KelvinToFahrenheit.js
FN:4,KelvinToFahrenheit
FNF:1
FNH:1
FNDA:5,KelvinToFahrenheit
DA:1,1
DA:2,1
DA:5,5
DA:6,4
DA:8,1
DA:11,1
LF:6
LH:6
BRDA:5,0,0,4
BRDA:5,0,1,1
BRF:2
BRH:2
end_of_record
TN:
SF:temperature-conversions\celsiusToFahrenheit.js
FN:1,celsiusToFahrenheit
FNF:1
FNH:1
FNDA:9,celsiusToFahrenheit
DA:2,9
DA:3,8
DA:5,1
DA:8,2
LF:4
LH:4
BRDA:2,0,0,8
BRDA:2,0,1,1
BRF:2
BRH:2
end_of_record
TN:
SF:temperature-conversions\celsiusToKelvin.js
FN:1,celsiusToKelvin
FNF:1
FNH:1
FNDA:9,celsiusToKelvin
DA:2,9
DA:3,8
DA:5,1
DA:8,2
LF:4
LH:4
BRDA:2,0,0,8
BRDA:2,0,1,1
BRF:2
BRH:2
end_of_record
TN:
SF:temperature-conversions\fahrenheitToCelsius.js
FN:1,fahrenheitToCelsius
FNF:1
FNH:1
FNDA:9,fahrenheitToCelsius
DA:2,9
DA:3,8
DA:5,1
DA:8,2
LF:4
LH:4
BRDA:2,0,0,8
BRDA:2,0,1,1
BRF:2
BRH:2
end_of_record
TN:
SF:temperature-conversions\fahrenheitToKelvin.js
FN:4,fahrenheitToKelvin
FNF:1
FNH:1
FNDA:5,fahrenheitToKelvin
DA:1,1
DA:2,1
DA:5,5
DA:6,4
DA:8,1
DA:11,1
LF:6
LH:6
BRDA:5,0,0,4
BRDA:5,0,1,1
BRF:2
BRH:2
end_of_record
TN:
SF:temperature-conversions\kelvinToCelsius.js
FN:1,kelvinToCelsius
FNF:1
FNH:1
FNDA:9,kelvinToCelsius
DA:2,9
DA:3,8
DA:5,1
DA:8,2
LF:4
LH:4
BRDA:2,0,0,8
BRDA:2,0,1,1
BRF:2
BRH:2
end_of_record
TN:
SF:utils\chess.js
FN:17,findPawn
FN:20,(anonymous_1)
FN:21,(anonymous_2)
FN:33,(anonymous_3)
FN:47,(anonymous_4)
FN:61,(anonymous_5)
FN:76,(anonymous_6)
FN:93,(anonymous_7)
FN:106,(anonymous_8)
FN:120,(anonymous_9)
FN:134,(anonymous_10)
FN:148,(anonymous_11)
FN:161,(anonymous_12)
FN:174,(anonymous_13)
FN:187,(anonymous_14)
FNF:15
FNH:15
FNDA:30,findPawn
FNDA:240,(anonymous_1)
FNDA:1920,(anonymous_2)
FNDA:4,(anonymous_3)
FNDA:5,(anonymous_4)
FNDA:3,(anonymous_5)
FNDA:2,(anonymous_6)
FNDA:6,(anonymous_7)
FNDA:6,(anonymous_8)
FNDA:6,(anonymous_9)
FNDA:6,(anonymous_10)
FNDA:6,(anonymous_11)
FNDA:6,(anonymous_12)
FNDA:6,(anonymous_13)
FNDA:6,(anonymous_14)
DA:2,3
DA:18,30
DA:20,30
DA:21,240
DA:22,1920
DA:23,27
DA:28,30
DA:31,3
DA:34,4
DA:35,4
DA:36,4
DA:37,6
DA:38,1
DA:40,5
DA:41,5
DA:44,3
DA:48,5
DA:49,5
DA:50,5
DA:51,12
DA:52,1
DA:54,11
DA:55,11
DA:58,4
DA:62,3
DA:63,3
DA:64,3
DA:65,6
DA:66,1
DA:68,5
DA:69,5
DA:72,2
DA:77,2
DA:78,2
DA:79,2
DA:80,9
DA:81,1
DA:83,8
DA:84,8
DA:87,1
DA:92,3
DA:94,6
DA:95,6
DA:96,6
DA:97,3
DA:98,3
DA:101,3
DA:104,3
DA:107,6
DA:108,6
DA:109,6
DA:110,3
DA:111,3
DA:114,3
DA:117,3
DA:121,6
DA:122,6
DA:123,6
DA:124,2
DA:125,2
DA:128,4
DA:131,2
DA:135,6
DA:136,6
DA:137,6
DA:138,2
DA:139,2
DA:142,4
DA:145,2
DA:149,6
DA:150,6
DA:151,6
DA:152,3
DA:153,3
DA:156,3
DA:159,3
DA:162,6
DA:163,6
DA:164,6
DA:165,3
DA:166,3
DA:169,3
DA:172,3
DA:175,6
DA:176,6
DA:177,6
DA:178,3
DA:179,3
DA:182,3
DA:185,3
DA:188,6
DA:189,6
DA:190,6
DA:191,3
DA:192,3
DA:195,3
DA:198,3
DA:202,3
LF:98
LH:98
BRDA:22,0,0,27
BRDA:22,0,1,1893
BRDA:42,1,0,5
BRDA:42,1,1,5
BRDA:42,1,2,3
BRDA:42,1,3,2
BRDA:37,2,0,1
BRDA:37,2,1,5
BRDA:56,3,0,11
BRDA:56,3,1,11
BRDA:56,3,2,8
BRDA:56,3,3,8
BRDA:51,4,0,1
BRDA:51,4,1,11
BRDA:70,5,0,5
BRDA:70,5,1,4
BRDA:70,5,2,4
BRDA:70,5,3,4
BRDA:65,6,0,1
BRDA:65,6,1,5
BRDA:85,7,0,8
BRDA:85,7,1,7
BRDA:85,7,2,7
BRDA:85,7,3,7
BRDA:80,8,0,1
BRDA:80,8,1,8
BRDA:96,9,0,3
BRDA:96,9,1,3
BRDA:96,10,0,6
BRDA:96,10,1,4
BRDA:109,11,0,3
BRDA:109,11,1,3
BRDA:109,12,0,6
BRDA:109,12,1,4
BRDA:123,13,0,2
BRDA:123,13,1,4
BRDA:123,14,0,6
BRDA:123,14,1,3
BRDA:137,15,0,2
BRDA:137,15,1,4
BRDA:137,16,0,6
BRDA:137,16,1,3
BRDA:151,17,0,3
BRDA:151,17,1,3
BRDA:151,18,0,6
BRDA:151,18,1,4
BRDA:164,19,0,3
BRDA:164,19,1,3
BRDA:164,20,0,6
BRDA:164,20,1,4
BRDA:177,21,0,3
BRDA:177,21,1,3
BRDA:177,22,0,6
BRDA:177,22,1,4
BRDA:190,23,0,3
BRDA:190,23,1,3
BRDA:190,24,0,6
BRDA:190,24,1,4
BRF:58
BRH:58
end_of_record
TN:
SF:utils\string.js
FN:5,reverse
FNF:1
FNH:1
FNDA:3,reverse
DA:6,3
DA:9,1
LF:2
LH:2
BRF:0
BRH:0
end_of_record
TN:
SF:utils\utils.js
FN:8,checkForElementInArray
FN:16,checkForElementInObject
FN:22,isEmpty
FN:36,removeDuplicatesFromArray
FNF:4
FNH:4
FNDA:5,checkForElementInArray
FNDA:2,checkForElementInObject
FNDA:8,isEmpty
FNDA:8,removeDuplicatesFromArray
DA:9,5
DA:17,2
DA:19,2
DA:23,8
DA:24,7
DA:25,6
DA:26,5
DA:27,3
DA:33,5
DA:37,8
DA:39,8
DA:42,3
LF:12
LH:12
BRDA:19,0,0,1
BRDA:19,0,1,1
BRDA:23,1,0,7
BRDA:23,1,1,1
BRDA:24,2,0,6
BRDA:24,2,1,1
BRDA:25,3,0,5
BRDA:25,3,1,1
BRDA:26,4,0,3
BRDA:26,4,1,2
BRF:10
BRH:10
end_of_record
TN:
SF:utils\Math\Math.js
FN:4,getInteger
FNF:1
FNH:1
FNDA:48,getInteger
DA:5,48
DA:7,48
DA:10,5
LF:3
LH:3
BRF:0
BRH:0
end_of_record
TN:
SF:utils\Math\factorial.js
FN:1,factorial
FNF:1
FNH:1
FNDA:4,factorial
DA:2,4
DA:3,4
DA:4,6
DA:5,6
DA:8,4
DA:11,1
LF:6
LH:6
BRF:0
BRH:0
end_of_record
TN:
SF:utils\Math\getPrimeFactors.js
FN:3,getPrimeFactors
FN:11,(anonymous_1)
FNF:2
FNH:2
FNDA:6,getPrimeFactors
FNDA:80,(anonymous_1)
DA:1,1
DA:4,6
DA:5,5
DA:6,1
DA:8,5
DA:9,4
DA:10,4
DA:11,4
DA:12,80
DA:13,7
DA:17,4
DA:19,1
DA:21,1
DA:24,1
LF:14
LH:14
BRDA:4,0,0,5
BRDA:4,0,1,1
BRDA:5,1,0,1
BRDA:5,1,1,4
BRDA:8,2,0,4
BRDA:8,2,1,1
BRDA:8,3,0,5
BRDA:8,3,1,4
BRDA:12,4,0,7
BRDA:12,4,1,73
BRF:10
BRH:10
end_of_record
TN:
SF:utils\Math\getPrimeNumbers.js
FN:6,checkForValidNumber
FN:14,prepareNumbers
FN:26,extractPrimeNumbers
FN:32,(anonymous_3)
FN:44,filterPrimeNumbers
FN:63,getPrimeNumbers
FNF:6
FNH:6
FNDA:16,checkForValidNumber
FNDA:15,prepareNumbers
FNDA:15,extractPrimeNumbers
FNDA:425,(anonymous_3)
FNDA:15,filterPrimeNumbers
FNDA:16,getPrimeNumbers
DA:7,16
DA:15,15
DA:16,15
DA:17,425
DA:20,15
DA:27,15
DA:32,15
DA:33,425
DA:34,136
DA:38,15
DA:45,15
DA:46,35
DA:47,35
DA:48,393
DA:49,289
DA:51,393
DA:53,35
DA:54,35
DA:55,22
DA:64,16
DA:65,15
DA:66,15
DA:68,15
DA:70,1
DA:73,4
LF:25
LH:25
BRDA:7,0,0,16
BRDA:7,0,1,1
BRDA:7,0,2,15
BRDA:33,1,0,136
BRDA:33,1,1,289
BRDA:48,2,0,289
BRDA:48,2,1,104
BRDA:64,3,0,15
BRDA:64,3,1,1
BRF:9
BRH:9
end_of_record
TN:
SF:utils\Math\isPrime.js
FN:3,isNumberValid
FN:7,checkForNegativeNumbers
FN:14,isPrime
FNF:3
FNH:3
FNDA:8,isNumberValid
FNDA:6,checkForNegativeNumbers
FNDA:8,isPrime
DA:1,2
DA:4,8
DA:8,6
DA:9,1
DA:12,6
DA:15,8
DA:16,6
DA:17,6
DA:19,6
DA:21,2
DA:24,2
LF:11
LH:11
BRDA:4,0,0,8
BRDA:4,0,1,7
BRDA:4,0,2,6
BRDA:8,1,0,1
BRDA:8,1,1,5
BRDA:15,2,0,6
BRDA:15,2,1,2
BRF:7
BRH:7
end_of_record
TN:
SF:utils\Math\isSquare.js
FN:5,isSquare
FNF:1
FNH:1
FNDA:6,isSquare
DA:6,6
DA:7,6
DA:8,3
DA:11,3
DA:14,2
LF:5
LH:5
BRDA:7,0,0,3
BRDA:7,0,1,3
BRF:2
BRH:2
end_of_record
TN:
SF:utils\Math\progression.js
FN:8,arthimaticProgression
FN:15,geometricProgression
FNF:2
FNH:2
FNDA:1,arthimaticProgression
FNDA:1,geometricProgression
DA:10,1
DA:12,1
DA:17,1
DA:19,1
DA:22,1
LF:5
LH:5
BRF:0
BRH:0
end_of_record
