TN:
SF:spiralNumbers.js
FN:13,spiralNumbers
FN:24,nextStep
FNF:2
FNH:2
FNDA:3,spiralNumbers
FNDA:53,nextStep
DA:3,1
DA:14,3
DA:15,3
DA:16,3
DA:17,3
DA:18,3
DA:19,3
DA:20,53
DA:21,53
DA:25,53
DA:27,51
DA:28,17
DA:29,34
DA:30,13
DA:31,13
DA:32,5
DA:34,21
DA:35,12
DA:37,9
DA:39,51
DA:40,2
DA:41,2
DA:42,2
DA:43,2
DA:44,2
DA:47,51
DA:48,1
DA:49,1
DA:50,1
DA:52,51
DA:53,2
DA:54,2
DA:55,2
DA:57,51
DA:58,3
DA:59,3
DA:60,3
DA:62,51
DA:63,2
DA:64,2
DA:65,2
DA:67,51
DA:68,2
DA:69,2
DA:70,2
DA:72,51
DA:73,2
DA:74,2
DA:75,2
DA:80,3
DA:83,1
LF:51
LH:51
BRDA:25,0,0,51
BRDA:25,0,1,2
BRDA:27,1,0,17
BRDA:27,1,1,34
BRDA:29,2,0,13
BRDA:29,2,1,21
BRDA:31,3,0,5
BRDA:31,3,1,8
BRDA:31,4,0,13
BRDA:31,4,1,7
BRDA:34,5,0,12
BRDA:34,5,1,9
BRDA:39,6,0,2
BRDA:39,6,1,49
BRDA:43,7,0,2
BRDA:43,7,1,0
BRDA:47,8,0,1
BRDA:47,8,1,50
BRDA:52,9,0,2
BRDA:52,9,1,49
BRDA:57,10,0,3
BRDA:57,10,1,48
BRDA:57,11,0,51
BRDA:57,11,1,9
BRDA:62,12,0,2
BRDA:62,12,1,49
BRDA:62,13,0,51
BRDA:62,13,1,6
BRDA:67,14,0,2
BRDA:67,14,1,49
BRDA:67,15,0,51
BRDA:67,15,1,4
BRDA:72,16,0,2
BRDA:72,16,1,49
BRDA:72,17,0,51
BRDA:72,17,1,2
BRF:36
BRH:35
end_of_record
